<?xml version="1.0" encoding="UTF-8"?>
<!-- Generated by org.testng.reporters.JUnitReportReporter -->
<testsuite hostname="DESKTOP-68DH6QH" failures="0" tests="1" name="testCase.ManageContactPageTest" time="32.547" errors="0" timestamp="2025-01-21T22:18:29 IST" skipped="0">
  <testcase classname="testCase.ManageContactPageTest" name="verifyCreateNewCategory" time="32.547"/>
</testsuite> <!-- testCase.ManageContactPageTest -->
