<?xml version="1.0" encoding="UTF-8"?>
<!-- Generated by org.testng.reporters.JUnitReportReporter -->
<testsuite hostname="DESKTOP-68DH6QH" failures="0" tests="5" name="testCase.LoginPageTest" time="68.385" errors="0" timestamp="2025-01-29T18:25:10 IST" skipped="0">
  <testcase classname="testCase.LoginPageTest" name="LoginWithValidCredential" time="15.553"/>
  <testcase classname="testCase.LoginPageTest" name="verifyAlertMessageWhileRememberMeIconIsClickedAndRelogin" time="32.223"/>
  <testcase classname="testCase.LoginPageTest" name="verifyAlertMessageWhileLoginWithInvalidCredential" time="5.090"/>
  <testcase classname="testCase.LoginPageTest" name="verifyAlertMessageWhileLoginWithInvalidCredential" time="8.673"/>
  <testcase classname="testCase.LoginPageTest" name="verifyAlertMessageWhileLoginWithInvalidCredential" time="6.846"/>
</testsuite> <!-- testCase.LoginPageTest -->
