<?xml version="1.0" encoding="UTF-8"?>
<!-- Generated by org.testng.reporters.JUnitReportReporter -->
<testsuite hostname="DESKTOP-68DH6QH" failures="0" tests="3" name="testCase.CategoryPageTest" time="119.503" errors="0" timestamp="2025-01-23T07:50:44 IST" skipped="0">
  <testcase classname="testCase.CategoryPageTest" name="verifyAlertMessageWhileCreatingNewCategory" time="47.329"/>
  <testcase classname="testCase.CategoryPageTest" name="verifyAlertMessageWhileEditingNewCategory" time="49.510"/>
  <testcase classname="testCase.CategoryPageTest" name="verifyAlertMessageAfterDeleteACategoryAndSearchWhetherItRemovedOrNot" time="22.664"/>
</testsuite> <!-- testCase.CategoryPageTest -->
